0 info it worked if it ends with ok
1 verbose cli [ '/Users/fraziermork/.node/bin/node',
1 verbose cli   '/Users/fraziermork/.node/bin/npm',
1 verbose cli   'publish' ]
2 info using npm@2.14.12
3 info using node@v4.3.1
4 verbose publish [ '.' ]
5 verbose stack Error: Failed to parse json
5 verbose stack Trailing comma in object at 46:1
5 verbose stack }
5 verbose stack ^
5 verbose stack     at parseError (/Users/fraziermork/.node/lib/node_modules/npm/node_modules/read-package-json/read-json.js:379:11)
5 verbose stack     at parseJson (/Users/fraziermork/.node/lib/node_modules/npm/node_modules/read-package-json/read-json.js:68:23)
5 verbose stack     at /Users/fraziermork/.node/lib/node_modules/npm/node_modules/read-package-json/read-json.js:48:5
5 verbose stack     at /Users/fraziermork/.node/lib/node_modules/npm/node_modules/graceful-fs/graceful-fs.js:76:16
5 verbose stack     at FSReqWrap.readFileAfterClose [as oncomplete] (fs.js:380:3)
6 verbose cwd /Users/fraziermork/401d2/homework/twitter-bot
7 error Darwin 14.3.0
8 error argv "/Users/fraziermork/.node/bin/node" "/Users/fraziermork/.node/bin/npm" "publish"
9 error node v4.3.1
10 error npm  v2.14.12
11 error file /Users/fraziermork/401d2/homework/twitter-bot/package.json
12 error code EJSONPARSE
13 error Failed to parse json
13 error Trailing comma in object at 46:1
13 error }
13 error ^
14 error File: /Users/fraziermork/401d2/homework/twitter-bot/package.json
15 error Failed to parse package.json data.
15 error package.json must be actual JSON, not just JavaScript.
15 error
15 error This is not a bug in npm.
15 error Tell the package author to fix their package.json file. JSON.parse
16 verbose exit [ 1, true ]
